<?xml version="1.0" encoding="utf-8"?><testsuites><testsuite errors="0" failures="0" hostname="travis-job-054f2c6c-29d5-44a3-8c01-f9bc0e1c6340" name="pytest" skipped="0" tests="22" time="0.362" timestamp="2021-02-24T12:22:35.114466"><testcase classname="getversion.tests.test_doc" file="getversion/tests/test_doc.py" line="12" name="test_doc_imported" time="0.006"></testcase><testcase classname="getversion.tests.test_issues" file="getversion/tests/test_issues.py" line="8" name="test_issue_10" time="0.059"></testcase><testcase classname="getversion.tests.test_main" file="getversion/tests/test_main.py" line="168" name="test_modules_version[/builtin_module_and_submodule-collections]" time="0.006"></testcase><testcase classname="getversion.tests.test_main" file="getversion/tests/test_main.py" line="168" name="test_modules_version[/builtin_module_and_submodule-xml]" time="0.003"></testcase><testcase classname="getversion.tests.test_main" file="getversion/tests/test_main.py" line="168" name="test_modules_version[/builtin_module_and_submodule-xml.dom]" time="0.004"></testcase><testcase classname="getversion.tests.test_main" file="getversion/tests/test_main.py" line="168" name="test_modules_version[/builtin_module_and_submodule-xml.dom.minidom]" time="0.005"></testcase><testcase classname="getversion.tests.test_main" file="getversion/tests/test_main.py" line="168" name="test_modules_version[/module_with_version_attr-re]" time="0.005"></testcase><testcase classname="getversion.tests.test_main" file="getversion/tests/test_main.py" line="168" name="test_modules_version[/module_with_version_attr-json]" time="0.004"></testcase><testcase classname="getversion.tests.test_main" file="getversion/tests/test_main.py" line="168" name="test_modules_version[/module_with_version_attr-dummy2.subpkg_with_version]" time="0.007"></testcase><testcase classname="getversion.tests.test_main" file="getversion/tests/test_main.py" line="168" name="test_modules_version[/module_with_version_attr-dummy2.subpkg_with_version.submodule_with_version]" time="0.005"></testcase><testcase classname="getversion.tests.test_main" file="getversion/tests/test_main.py" line="168" name="test_modules_version[/submodule_in_pkg_with_version_attr-json.encoder-json]" time="0.004"></testcase><testcase classname="getversion.tests.test_main" file="getversion/tests/test_main.py" line="168" name="test_modules_version[/submodule_in_pkg_with_version_attr-dummy2.subpkg_no_version-dummy2]" time="0.005"></testcase><testcase classname="getversion.tests.test_main" file="getversion/tests/test_main.py" line="168" name="test_modules_version[/submodule_in_pkg_with_version_attr-dummy2.submodule_no_version-dummy2]" time="0.005"></testcase><testcase classname="getversion.tests.test_main" file="getversion/tests/test_main.py" line="168" name="test_modules_version[/submodule_in_pkg_with_version_attr-dummy2.subpkg_with_version.submodule_no_version-dummy2.subpkg_with_version]" time="0.005"></testcase><testcase classname="getversion.tests.test_main" file="getversion/tests/test_main.py" line="168" name="test_modules_version[/installed_pkg_and_module-makefun-makefun]" time="0.007"></testcase><testcase classname="getversion.tests.test_main" file="getversion/tests/test_main.py" line="168" name="test_modules_version[/unzipped_wheel_or_egg-dummy]" time="0.008"></testcase><testcase classname="getversion.tests.test_main" file="getversion/tests/test_main.py" line="168" name="test_modules_version[/unzipped_wheel_or_egg-dummy3]" time="0.006"></testcase><testcase classname="getversion.tests.test_main" file="getversion/tests/test_main.py" line="168" name="test_modules_version[/unzipped_wheel_or_egg-dummy3b]" time="0.007"></testcase><testcase classname="getversion.tests.test_main" file="getversion/tests/test_main.py" line="168" name="test_modules_version[/unzipped_wheel_or_egg-dummy4]" time="0.007"></testcase><testcase classname="getversion.tests.test_main" file="getversion/tests/test_main.py" line="168" name="test_modules_version[/self_uninstalled_git]" time="0.047"></testcase><testcase classname="getversion.tests.test_plugin_eggs_and_wheels" file="getversion/tests/test_plugin_eggs_and_wheels.py" line="10" name="test_dist_info" time="0.002"></testcase><testcase classname="getversion.tests.test_plugin_eggs_and_wheels" file="getversion/tests/test_plugin_eggs_and_wheels.py" line="24" name="test_egg_info" time="0.003"></testcase></testsuite></testsuites>